<?xml version="1.0" encoding="UTF-8"?>
<!-- Generated by org.testng.reporters.JUnitReportReporter -->
<testsuite hostname="DESKTOP-VGTAJOO" failures="0" tests="1" name="testCases.TC003_RecruitmentAdd" time="11.234" errors="0" timestamp="2024-12-30T11:31:42 IST" skipped="0">
  <testcase classname="testCases.TC003_RecruitmentAdd" name="verifyRecruitmentAdd" time="11.234"/>
  <system-out/>
</testsuite> <!-- testCases.TC003_RecruitmentAdd -->
