<?xml version="1.0" encoding="UTF-8"?>
<!-- Generated by org.testng.reporters.JUnitReportReporter -->
<testsuite hostname="DESKTOP-VGTAJOO" failures="0" tests="2" name="testCases.TC001_LoginTest" time="23.516" errors="0" timestamp="2024-12-30T11:29:03 IST" skipped="0">
  <testcase classname="testCases.TC001_LoginTest" name="verifyLogin" time="14.785"/>
  <system-out/>
  <testcase classname="testCases.TC001_LoginTest" name="verifyLogin" time="8.731"/>
  <system-out/>
</testsuite> <!-- testCases.TC001_LoginTest -->
