<?xml version="1.0" encoding="UTF-8"?>
<!-- Generated by org.testng.reporters.JUnitReportReporter -->
<testsuite hostname="DESKTOP-VGTAJOO" failures="0" tests="1" name="utilities.DataProviders" time="0.662" errors="0" timestamp="2024-12-28T12:09:12 IST" skipped="0">
  <testcase classname="utilities.DataProviders" name="loginData" time="0.662"/>
  <system-out/>
</testsuite> <!-- utilities.DataProviders -->
