<?xml version="1.0" encoding="UTF-8"?>
<!-- Generated by org.testng.reporters.JUnitReportReporter -->
<testsuite hostname="DESKTOP-VGTAJOO" failures="0" tests="1" name="testCases.TC002_VerifyAddUserInAdmin" time="15.162" errors="0" timestamp="2024-12-26T16:19:44 IST" skipped="0">
  <testcase classname="testCases.TC002_VerifyAddUserInAdmin" name="verifyAddUserInAdmin" time="15.162"/>
  <system-out/>
</testsuite> <!-- testCases.TC002_VerifyAddUserInAdmin -->
