<?xml version="1.0" encoding="UTF-8"?>
<!-- Generated by org.testng.reporters.JUnitReportReporter -->
<testsuite hostname="DESKTOP-VGTAJOO" failures="0" tests="2" name="testCases.TC001_LoginTest" time="23.426" errors="0" timestamp="2025-01-01T15:02:20 IST" skipped="0">
  <testcase classname="testCases.TC001_LoginTest" name="verifyLogin" time="8.742"/>
  <system-out/>
  <testcase classname="testCases.TC001_LoginTest" name="verifyLogin" time="14.684"/>
  <system-out/>
</testsuite> <!-- testCases.TC001_LoginTest -->
