<?xml version="1.0" encoding="UTF-8"?>
<!-- Generated by org.testng.reporters.JUnitReportReporter -->
<testsuite hostname="DESKTOP-VGTAJOO" failures="0" tests="1" name="testCases.TC003_RecruitmentAdd" time="10.980" errors="0" timestamp="2025-01-01T15:02:20 IST" skipped="0">
  <testcase classname="testCases.TC003_RecruitmentAdd" name="verifyRecruitmentAdd" time="10.980"/>
  <system-out/>
</testsuite> <!-- testCases.TC003_RecruitmentAdd -->
